<?xml version="1.0" encoding="UTF-8"?>
<!-- Generated by org.testng.reporters.JUnitReportReporter -->
<testsuite hostname="ATMECSINLT-038" failures="0" tests="7" name="com.atmecs.testScripts.ChooseFlight" time="39.187" errors="0" timestamp="12 Sep 2019 08:36:41 GMT" skipped="0">
  <testcase classname="com.atmecs.testScripts.ChooseFlight" name="homePageRedirection" time="0.047"/>
  <testcase classname="com.atmecs.testScripts.ChooseFlight" name="homePageCityInput" time="5.872"/>
  <testcase classname="com.atmecs.testScripts.ChooseFlight" name="homePageCityInput" time="5.201"/>
  <testcase classname="com.atmecs.testScripts.ChooseFlight" name="homePageCityInput" time="5.147"/>
  <testcase classname="com.atmecs.testScripts.ChooseFlight" name="homePageCityInput" time="9.634"/>
  <testcase classname="com.atmecs.testScripts.ChooseFlight" name="homePageCityInput" time="5.210"/>
  <testcase classname="com.atmecs.testScripts.ChooseFlight" name="isHomeDataCorrect" time="8.076"/>
</testsuite> <!-- com.atmecs.testScripts.ChooseFlight -->
